<?xml version="1.0" encoding="UTF-8"?>
<testng-results ignored="0" total="2" passed="2" failed="0" skipped="0">
  <reporter-output>
  </reporter-output>
  <suite started-at="2019-03-09T05:53:25Z" name="Default suite" finished-at="2019-03-09T05:53:39Z" duration-ms="13984">
    <groups>
    </groups>
    <test started-at="2019-03-09T05:53:25Z" name="Default test" finished-at="2019-03-09T05:53:39Z" duration-ms="13984">
      <class name="Test.Varsha.TestNG">
        <test-method signature="buildtest()[pri:0, instance:Test.Varsha.TestNG@2d2ffcb7]" started-at="2019-03-09T05:53:25Z" name="buildtest" finished-at="2019-03-09T05:53:25Z" duration-ms="30" status="PASS">
          <reporter-output>
          </reporter-output>
        </test-method> <!-- buildtest -->
        <test-method signature="kk()[pri:0, instance:Test.Varsha.TestNG@2d2ffcb7]" started-at="2019-03-09T05:53:25Z" name="kk" finished-at="2019-03-09T05:53:39Z" duration-ms="13895" status="PASS">
          <reporter-output>
          </reporter-output>
        </test-method> <!-- kk -->
      </class> <!-- Test.Varsha.TestNG -->
    </test> <!-- Default test -->
  </suite> <!-- Default suite -->
</testng-results>
